  Strassen.cpp
D:\Visual Studio\2019\Professional\VC\Tools\MSVC\14.28.29333\include\limits.h(70,5): warning C4668: 没有将“__STDC_WANT_SECURE_LIB__”定义为预处理器宏，用“0”替换“#if/#elif”
D:\Visual Studio\2019\Professional\VC\Tools\MSVC\14.28.29333\include\xmemory(141,5): warning C4365: “参数”: 从“long”转换到“unsigned int”，有符号/无符号不匹配
D:\Visual Studio\2019\Professional\VC\Tools\MSVC\14.28.29333\include\xmemory(151,5): warning C4365: “参数”: 从“long”转换到“unsigned int”，有符号/无符号不匹配
C:\Program Files (x86)\Windows Kits\10\Include\10.0.18362.0\ucrt\time.h(36,1): warning C4820: “_timespec64”:“4”字节填充添加在 数据成员“_timespec64::tv_nsec”后
C:\Program Files (x86)\Windows Kits\10\Include\10.0.18362.0\ucrt\time.h(43,5): warning C4820: “timespec”:“4”字节填充添加在 数据成员“timespec::tv_nsec”后
D:\Visual Studio\2019\Professional\VC\Tools\MSVC\14.28.29333\include\atomic(214,9): warning C4365: “参数”: 从“long”转换到“unsigned int”，有符号/无符号不匹配
D:\Visual Studio\2019\Professional\VC\Tools\MSVC\14.28.29333\include\atomic(230,9): warning C4365: “参数”: 从“long”转换到“unsigned int”，有符号/无符号不匹配
D:\Visual Studio\2019\Professional\VC\Tools\MSVC\14.28.29333\include\atomic(247,9): warning C4365: “参数”: 从“long”转换到“unsigned int”，有符号/无符号不匹配
D:\Visual Studio\2019\Professional\VC\Tools\MSVC\14.28.29333\include\atomic(313,9): warning C4365: “参数”: 从“long”转换到“unsigned int”，有符号/无符号不匹配
D:\Parallel Studio XE\compilers_and_libraries_2020.0.164\windows\mkl\include\mkl_types.h(51,25): warning C4820: “<unnamed-tag>”:“4”字节填充添加在 数据成员“<unnamed-tag>::UpdateVersion”后
D:\Parallel Studio XE\compilers_and_libraries_2020.0.164\windows\mkl\include\mkl_sparse_handle.h(51,44): warning C4820: “_sparse_struct”:“4”字节填充添加在 数据成员“_sparse_struct::n”后
D:\Parallel Studio XE\compilers_and_libraries_2020.0.164\windows\mkl\include\mkl_vml_types.h(65,19): warning C4820: “_DefVmlErrorContext”:“4”字节填充添加在 数据成员“_DefVmlErrorContext::iFuncNameLen”后
D:\Parallel Studio XE\compilers_and_libraries_2020.0.164\windows\mkl\include\mkl_vsl_types.h(102,29): warning C4820: “_VSLBRngProperties”:“4”字节填充添加在 数据成员“_VSLBRngProperties::NBits”后
D:\CS203B\Project\code\blas\Strassen.cpp(30,31): warning C4365: “初始化”: 从“int”转换到“size_t”，有符号/无符号不匹配
D:\CS203B\Project\code\blas\Strassen.cpp(70,40): warning C4365: “初始化”: 从“int”转换到“size_t”，有符号/无符号不匹配
D:\CS203B\Project\code\blas\Strassen.cpp(104,40): warning C4365: “初始化”: 从“int”转换到“size_t”，有符号/无符号不匹配
D:\CS203B\Project\code\blas\Strassen.cpp(243,41): warning C4365: “初始化”: 从“int”转换到“size_t”，有符号/无符号不匹配
C:\Program Files (x86)\Windows Kits\10\Include\10.0.18362.0\ucrt\corecrt_math.h(290,31): warning C4514: “fpclassify”: 未引用的内联函数已移除
C:\Program Files (x86)\Windows Kits\10\Include\10.0.18362.0\ucrt\corecrt_math.h(295,31): warning C4514: “fpclassify”: 未引用的内联函数已移除
C:\Program Files (x86)\Windows Kits\10\Include\10.0.18362.0\ucrt\corecrt_math.h(300,31): warning C4514: “fpclassify”: 未引用的内联函数已移除
C:\Program Files (x86)\Windows Kits\10\Include\10.0.18362.0\ucrt\corecrt_math.h(305,32): warning C4514: “signbit”: 未引用的内联函数已移除
C:\Program Files (x86)\Windows Kits\10\Include\10.0.18362.0\ucrt\corecrt_math.h(310,32): warning C4514: “signbit”: 未引用的内联函数已移除
C:\Program Files (x86)\Windows Kits\10\Include\10.0.18362.0\ucrt\corecrt_math.h(315,32): warning C4514: “signbit”: 未引用的内联函数已移除
C:\Program Files (x86)\Windows Kits\10\Include\10.0.18362.0\ucrt\corecrt_math.h(320,31): warning C4514: “_fpcomp”: 未引用的内联函数已移除
C:\Program Files (x86)\Windows Kits\10\Include\10.0.18362.0\ucrt\corecrt_math.h(325,31): warning C4514: “_fpcomp”: 未引用的内联函数已移除
C:\Program Files (x86)\Windows Kits\10\Include\10.0.18362.0\ucrt\corecrt_math.h(330,31): warning C4514: “_fpcomp”: 未引用的内联函数已移除
C:\Program Files (x86)\Windows Kits\10\Include\10.0.18362.0\ucrt\corecrt_math.h(808,51): warning C4514: “_chgsignl”: 未引用的内联函数已移除
C:\Program Files (x86)\Windows Kits\10\Include\10.0.18362.0\ucrt\corecrt_math.h(815,51): warning C4514: “_copysignl”: 未引用的内联函数已移除
C:\Program Files (x86)\Windows Kits\10\Include\10.0.18362.0\ucrt\corecrt_math.h(869,51): warning C4514: “_hypotl”: 未引用的内联函数已移除
C:\Program Files (x86)\Windows Kits\10\Include\10.0.18362.0\ucrt\stdlib.h(359,17): warning C4514: “abs”: 未引用的内联函数已移除
C:\Program Files (x86)\Windows Kits\10\Include\10.0.18362.0\ucrt\stdlib.h(364,22): warning C4514: “abs”: 未引用的内联函数已移除
C:\Program Files (x86)\Windows Kits\10\Include\10.0.18362.0\ucrt\stdlib.h(369,19): warning C4514: “div”: 未引用的内联函数已移除
C:\Program Files (x86)\Windows Kits\10\Include\10.0.18362.0\ucrt\stdlib.h(374,20): warning C4514: “div”: 未引用的内联函数已移除
C:\Program Files (x86)\Windows Kits\10\Include\10.0.18362.0\ucrt\corecrt_wstdio.h(311,37): warning C4514: “vfwprintf”: 未引用的内联函数已移除
C:\Program Files (x86)\Windows Kits\10\Include\10.0.18362.0\ucrt\corecrt_wstdio.h(342,41): warning C4514: “vfwprintf_s”: 未引用的内联函数已移除
C:\Program Files (x86)\Windows Kits\10\Include\10.0.18362.0\ucrt\corecrt_wstdio.h(373,37): warning C4514: “_vfwprintf_p”: 未引用的内联函数已移除
C:\Program Files (x86)\Windows Kits\10\Include\10.0.18362.0\ucrt\corecrt_wstdio.h(387,37): warning C4514: “_vwprintf_l”: 未引用的内联函数已移除
C:\Program Files (x86)\Windows Kits\10\Include\10.0.18362.0\ucrt\corecrt_wstdio.h(401,37): warning C4514: “vwprintf”: 未引用的内联函数已移除
C:\Program Files (x86)\Windows Kits\10\Include\10.0.18362.0\ucrt\corecrt_wstdio.h(414,37): warning C4514: “_vwprintf_s_l”: 未引用的内联函数已移除
C:\Program Files (x86)\Windows Kits\10\Include\10.0.18362.0\ucrt\corecrt_wstdio.h(430,41): warning C4514: “vwprintf_s”: 未引用的内联函数已移除
C:\Program Files (x86)\Windows Kits\10\Include\10.0.18362.0\ucrt\corecrt_wstdio.h(445,37): warning C4514: “_vwprintf_p_l”: 未引用的内联函数已移除
C:\Program Files (x86)\Windows Kits\10\Include\10.0.18362.0\ucrt\corecrt_wstdio.h(459,37): warning C4514: “_vwprintf_p”: 未引用的内联函数已移除
C:\Program Files (x86)\Windows Kits\10\Include\10.0.18362.0\ucrt\corecrt_wstdio.h(472,37): warning C4514: “_fwprintf_l”: 未引用的内联函数已移除
C:\Program Files (x86)\Windows Kits\10\Include\10.0.18362.0\ucrt\corecrt_wstdio.h(491,37): warning C4514: “fwprintf”: 未引用的内联函数已移除
C:\Program Files (x86)\Windows Kits\10\Include\10.0.18362.0\ucrt\corecrt_wstdio.h(509,37): warning C4514: “_fwprintf_s_l”: 未引用的内联函数已移除
C:\Program Files (x86)\Windows Kits\10\Include\10.0.18362.0\ucrt\corecrt_wstdio.h(530,41): warning C4514: “fwprintf_s”: 未引用的内联函数已移除
C:\Program Files (x86)\Windows Kits\10\Include\10.0.18362.0\ucrt\corecrt_wstdio.h(550,37): warning C4514: “_fwprintf_p_l”: 未引用的内联函数已移除
C:\Program Files (x86)\Windows Kits\10\Include\10.0.18362.0\ucrt\corecrt_wstdio.h(569,37): warning C4514: “_fwprintf_p”: 未引用的内联函数已移除
C:\Program Files (x86)\Windows Kits\10\Include\10.0.18362.0\ucrt\corecrt_wstdio.h(587,37): warning C4514: “_wprintf_l”: 未引用的内联函数已移除
C:\Program Files (x86)\Windows Kits\10\Include\10.0.18362.0\ucrt\corecrt_wstdio.h(605,37): warning C4514: “wprintf”: 未引用的内联函数已移除
C:\Program Files (x86)\Windows Kits\10\Include\10.0.18362.0\ucrt\corecrt_wstdio.h(622,37): warning C4514: “_wprintf_s_l”: 未引用的内联函数已移除
C:\Program Files (x86)\Windows Kits\10\Include\10.0.18362.0\ucrt\corecrt_wstdio.h(642,41): warning C4514: “wprintf_s”: 未引用的内联函数已移除
C:\Program Files (x86)\Windows Kits\10\Include\10.0.18362.0\ucrt\corecrt_wstdio.h(661,37): warning C4514: “_wprintf_p_l”: 未引用的内联函数已移除
C:\Program Files (x86)\Windows Kits\10\Include\10.0.18362.0\ucrt\corecrt_wstdio.h(679,37): warning C4514: “_wprintf_p”: 未引用的内联函数已移除
C:\Program Files (x86)\Windows Kits\10\Include\10.0.18362.0\ucrt\corecrt_wstdio.h(728,37): warning C4514: “vfwscanf”: 未引用的内联函数已移除
C:\Program Files (x86)\Windows Kits\10\Include\10.0.18362.0\ucrt\corecrt_wstdio.h(761,41): warning C4514: “vfwscanf_s”: 未引用的内联函数已移除
C:\Program Files (x86)\Windows Kits\10\Include\10.0.18362.0\ucrt\corecrt_wstdio.h(776,37): warning C4514: “_vwscanf_l”: 未引用的内联函数已移除
C:\Program Files (x86)\Windows Kits\10\Include\10.0.18362.0\ucrt\corecrt_wstdio.h(790,37): warning C4514: “vwscanf”: 未引用的内联函数已移除
C:\Program Files (x86)\Windows Kits\10\Include\10.0.18362.0\ucrt\corecrt_wstdio.h(803,37): warning C4514: “_vwscanf_s_l”: 未引用的内联函数已移除
C:\Program Files (x86)\Windows Kits\10\Include\10.0.18362.0\ucrt\corecrt_wstdio.h(819,41): warning C4514: “vwscanf_s”: 未引用的内联函数已移除
C:\Program Files (x86)\Windows Kits\10\Include\10.0.18362.0\ucrt\corecrt_wstdio.h(834,37): warning C4514: “_fwscanf_l”: 未引用的内联函数已移除
C:\Program Files (x86)\Windows Kits\10\Include\10.0.18362.0\ucrt\corecrt_wstdio.h(853,37): warning C4514: “fwscanf”: 未引用的内联函数已移除
C:\Program Files (x86)\Windows Kits\10\Include\10.0.18362.0\ucrt\corecrt_wstdio.h(871,37): warning C4514: “_fwscanf_s_l”: 未引用的内联函数已移除
C:\Program Files (x86)\Windows Kits\10\Include\10.0.18362.0\ucrt\corecrt_wstdio.h(892,41): warning C4514: “fwscanf_s”: 未引用的内联函数已移除
C:\Program Files (x86)\Windows Kits\10\Include\10.0.18362.0\ucrt\corecrt_wstdio.h(912,37): warning C4514: “_wscanf_l”: 未引用的内联函数已移除
C:\Program Files (x86)\Windows Kits\10\Include\10.0.18362.0\ucrt\corecrt_wstdio.h(930,37): warning C4514: “wscanf”: 未引用的内联函数已移除
C:\Program Files (x86)\Windows Kits\10\Include\10.0.18362.0\ucrt\corecrt_wstdio.h(947,37): warning C4514: “_wscanf_s_l”: 未引用的内联函数已移除
C:\Program Files (x86)\Windows Kits\10\Include\10.0.18362.0\ucrt\corecrt_wstdio.h(967,41): warning C4514: “wscanf_s”: 未引用的内联函数已移除
C:\Program Files (x86)\Windows Kits\10\Include\10.0.18362.0\ucrt\corecrt_wstdio.h(1094,37): warning C4514: “_vsnwprintf_s”: 未引用的内联函数已移除
C:\Program Files (x86)\Windows Kits\10\Include\10.0.18362.0\ucrt\corecrt_wstdio.h(1122,37): warning C4514: “_vsnwprintf”: 未引用的内联函数已移除
C:\Program Files (x86)\Windows Kits\10\Include\10.0.18362.0\ucrt\corecrt_wstdio.h(1171,37): warning C4514: “_vswprintf_c”: 未引用的内联函数已移除
C:\Program Files (x86)\Windows Kits\10\Include\10.0.18362.0\ucrt\corecrt_wstdio.h(1223,37): warning C4514: “_vswprintf”: 未引用的内联函数已移除
C:\Program Files (x86)\Windows Kits\10\Include\10.0.18362.0\ucrt\corecrt_wstdio.h(1276,41): warning C4514: “vswprintf_s”: 未引用的内联函数已移除
C:\Program Files (x86)\Windows Kits\10\Include\10.0.18362.0\ucrt\corecrt_wstdio.h(1323,37): warning C4514: “_vswprintf_p”: 未引用的内联函数已移除
C:\Program Files (x86)\Windows Kits\10\Include\10.0.18362.0\ucrt\corecrt_wstdio.h(1358,37): warning C4514: “_vscwprintf”: 未引用的内联函数已移除
C:\Program Files (x86)\Windows Kits\10\Include\10.0.18362.0\ucrt\corecrt_wstdio.h(1391,37): warning C4514: “_vscwprintf_p”: 未引用的内联函数已移除
C:\Program Files (x86)\Windows Kits\10\Include\10.0.18362.0\ucrt\corecrt_wstdio.h(1405,37): warning C4514: “__swprintf_l”: 未引用的内联函数已移除
C:\Program Files (x86)\Windows Kits\10\Include\10.0.18362.0\ucrt\corecrt_wstdio.h(1425,37): warning C4514: “_swprintf_l”: 未引用的内联函数已移除
C:\Program Files (x86)\Windows Kits\10\Include\10.0.18362.0\ucrt\corecrt_wstdio.h(1446,37): warning C4514: “_swprintf”: 未引用的内联函数已移除
C:\Program Files (x86)\Windows Kits\10\Include\10.0.18362.0\ucrt\corecrt_wstdio.h(1465,37): warning C4514: “swprintf”: 未引用的内联函数已移除
C:\Program Files (x86)\Windows Kits\10\Include\10.0.18362.0\ucrt\corecrt_wstdio.h(1508,37): warning C4514: “_swprintf_s_l”: 未引用的内联函数已移除
C:\Program Files (x86)\Windows Kits\10\Include\10.0.18362.0\ucrt\corecrt_wstdio.h(1530,41): warning C4514: “swprintf_s”: 未引用的内联函数已移除
C:\Program Files (x86)\Windows Kits\10\Include\10.0.18362.0\ucrt\corecrt_wstdio.h(1559,37): warning C4514: “_swprintf_p_l”: 未引用的内联函数已移除
C:\Program Files (x86)\Windows Kits\10\Include\10.0.18362.0\ucrt\corecrt_wstdio.h(1580,37): warning C4514: “_swprintf_p”: 未引用的内联函数已移除
C:\Program Files (x86)\Windows Kits\10\Include\10.0.18362.0\ucrt\corecrt_wstdio.h(1600,37): warning C4514: “_swprintf_c_l”: 未引用的内联函数已移除
C:\Program Files (x86)\Windows Kits\10\Include\10.0.18362.0\ucrt\corecrt_wstdio.h(1621,37): warning C4514: “_swprintf_c”: 未引用的内联函数已移除
C:\Program Files (x86)\Windows Kits\10\Include\10.0.18362.0\ucrt\corecrt_wstdio.h(1641,37): warning C4514: “_snwprintf_l”: 未引用的内联函数已移除
C:\Program Files (x86)\Windows Kits\10\Include\10.0.18362.0\ucrt\corecrt_wstdio.h(1667,37): warning C4514: “_snwprintf”: 未引用的内联函数已移除
C:\Program Files (x86)\Windows Kits\10\Include\10.0.18362.0\ucrt\corecrt_wstdio.h(1692,37): warning C4514: “_snwprintf_s_l”: 未引用的内联函数已移除
C:\Program Files (x86)\Windows Kits\10\Include\10.0.18362.0\ucrt\corecrt_wstdio.h(1714,37): warning C4514: “_snwprintf_s”: 未引用的内联函数已移除
C:\Program Files (x86)\Windows Kits\10\Include\10.0.18362.0\ucrt\corecrt_wstdio.h(1742,37): warning C4514: “_scwprintf_l”: 未引用的内联函数已移除
C:\Program Files (x86)\Windows Kits\10\Include\10.0.18362.0\ucrt\corecrt_wstdio.h(1761,37): warning C4514: “_scwprintf”: 未引用的内联函数已移除
C:\Program Files (x86)\Windows Kits\10\Include\10.0.18362.0\ucrt\corecrt_wstdio.h(1779,37): warning C4514: “_scwprintf_p_l”: 未引用的内联函数已移除
C:\Program Files (x86)\Windows Kits\10\Include\10.0.18362.0\ucrt\corecrt_wstdio.h(1798,37): warning C4514: “_scwprintf_p”: 未引用的内联函数已移除
C:\Program Files (x86)\Windows Kits\10\Include\10.0.18362.0\ucrt\corecrt_wstdio.h(1822,24): warning C4514: “swprintf”: 未引用的内联函数已移除
C:\Program Files (x86)\Windows Kits\10\Include\10.0.18362.0\ucrt\corecrt_wstdio.h(1837,34): warning C4514: “vswprintf”: 未引用的内联函数已移除
C:\Program Files (x86)\Windows Kits\10\Include\10.0.18362.0\ucrt\corecrt_wstdio.h(1848,24): warning C4514: “_swprintf_l”: 未引用的内联函数已移除
C:\Program Files (x86)\Windows Kits\10\Include\10.0.18362.0\ucrt\corecrt_wstdio.h(1863,34): warning C4514: “_vswprintf_l”: 未引用的内联函数已移除
C:\Program Files (x86)\Windows Kits\10\Include\10.0.18362.0\ucrt\corecrt_wstdio.h(1921,37): warning C4514: “vswscanf”: 未引用的内联函数已移除
C:\Program Files (x86)\Windows Kits\10\Include\10.0.18362.0\ucrt\corecrt_wstdio.h(1956,41): warning C4514: “vswscanf_s”: 未引用的内联函数已移除
C:\Program Files (x86)\Windows Kits\10\Include\10.0.18362.0\ucrt\corecrt_wstdio.h(2019,37): warning C4514: “_swscanf_l”: 未引用的内联函数已移除
C:\Program Files (x86)\Windows Kits\10\Include\10.0.18362.0\ucrt\corecrt_wstdio.h(2039,37): warning C4514: “swscanf”: 未引用的内联函数已移除
C:\Program Files (x86)\Windows Kits\10\Include\10.0.18362.0\ucrt\corecrt_wstdio.h(2058,37): warning C4514: “_swscanf_s_l”: 未引用的内联函数已移除
C:\Program Files (x86)\Windows Kits\10\Include\10.0.18362.0\ucrt\corecrt_wstdio.h(2080,41): warning C4514: “swscanf_s”: 未引用的内联函数已移除
C:\Program Files (x86)\Windows Kits\10\Include\10.0.18362.0\ucrt\corecrt_wstdio.h(2101,37): warning C4514: “_snwscanf_l”: 未引用的内联函数已移除
C:\Program Files (x86)\Windows Kits\10\Include\10.0.18362.0\ucrt\corecrt_wstdio.h(2127,37): warning C4514: “_snwscanf”: 未引用的内联函数已移除
C:\Program Files (x86)\Windows Kits\10\Include\10.0.18362.0\ucrt\corecrt_wstdio.h(2152,37): warning C4514: “_snwscanf_s_l”: 未引用的内联函数已移除
C:\Program Files (x86)\Windows Kits\10\Include\10.0.18362.0\ucrt\corecrt_wstdio.h(2173,37): warning C4514: “_snwscanf_s”: 未引用的内联函数已移除
C:\Program Files (x86)\Windows Kits\10\Include\10.0.18362.0\ucrt\stdio.h(648,37): warning C4514: “vfprintf”: 未引用的内联函数已移除
C:\Program Files (x86)\Windows Kits\10\Include\10.0.18362.0\ucrt\stdio.h(679,41): warning C4514: “vfprintf_s”: 未引用的内联函数已移除
C:\Program Files (x86)\Windows Kits\10\Include\10.0.18362.0\ucrt\stdio.h(710,37): warning C4514: “_vfprintf_p”: 未引用的内联函数已移除
C:\Program Files (x86)\Windows Kits\10\Include\10.0.18362.0\ucrt\stdio.h(724,37): warning C4514: “_vprintf_l”: 未引用的内联函数已移除
C:\Program Files (x86)\Windows Kits\10\Include\10.0.18362.0\ucrt\stdio.h(738,37): warning C4514: “vprintf”: 未引用的内联函数已移除
C:\Program Files (x86)\Windows Kits\10\Include\10.0.18362.0\ucrt\stdio.h(751,37): warning C4514: “_vprintf_s_l”: 未引用的内联函数已移除
C:\Program Files (x86)\Windows Kits\10\Include\10.0.18362.0\ucrt\stdio.h(767,41): warning C4514: “vprintf_s”: 未引用的内联函数已移除
C:\Program Files (x86)\Windows Kits\10\Include\10.0.18362.0\ucrt\stdio.h(782,37): warning C4514: “_vprintf_p_l”: 未引用的内联函数已移除
C:\Program Files (x86)\Windows Kits\10\Include\10.0.18362.0\ucrt\stdio.h(796,37): warning C4514: “_vprintf_p”: 未引用的内联函数已移除
C:\Program Files (x86)\Windows Kits\10\Include\10.0.18362.0\ucrt\stdio.h(809,37): warning C4514: “_fprintf_l”: 未引用的内联函数已移除
C:\Program Files (x86)\Windows Kits\10\Include\10.0.18362.0\ucrt\stdio.h(828,37): warning C4514: “fprintf”: 未引用的内联函数已移除
C:\Program Files (x86)\Windows Kits\10\Include\10.0.18362.0\ucrt\stdio.h(852,37): warning C4514: “_fprintf_s_l”: 未引用的内联函数已移除
C:\Program Files (x86)\Windows Kits\10\Include\10.0.18362.0\ucrt\stdio.h(873,41): warning C4514: “fprintf_s”: 未引用的内联函数已移除
C:\Program Files (x86)\Windows Kits\10\Include\10.0.18362.0\ucrt\stdio.h(893,37): warning C4514: “_fprintf_p_l”: 未引用的内联函数已移除
C:\Program Files (x86)\Windows Kits\10\Include\10.0.18362.0\ucrt\stdio.h(912,37): warning C4514: “_fprintf_p”: 未引用的内联函数已移除
C:\Program Files (x86)\Windows Kits\10\Include\10.0.18362.0\ucrt\stdio.h(930,37): warning C4514: “_printf_l”: 未引用的内联函数已移除
C:\Program Files (x86)\Windows Kits\10\Include\10.0.18362.0\ucrt\stdio.h(948,37): warning C4514: “printf”: 未引用的内联函数已移除
C:\Program Files (x86)\Windows Kits\10\Include\10.0.18362.0\ucrt\stdio.h(965,37): warning C4514: “_printf_s_l”: 未引用的内联函数已移除
C:\Program Files (x86)\Windows Kits\10\Include\10.0.18362.0\ucrt\stdio.h(985,41): warning C4514: “printf_s”: 未引用的内联函数已移除
C:\Program Files (x86)\Windows Kits\10\Include\10.0.18362.0\ucrt\stdio.h(1004,37): warning C4514: “_printf_p_l”: 未引用的内联函数已移除
C:\Program Files (x86)\Windows Kits\10\Include\10.0.18362.0\ucrt\stdio.h(1022,37): warning C4514: “_printf_p”: 未引用的内联函数已移除
C:\Program Files (x86)\Windows Kits\10\Include\10.0.18362.0\ucrt\stdio.h(1070,37): warning C4514: “vfscanf”: 未引用的内联函数已移除
C:\Program Files (x86)\Windows Kits\10\Include\10.0.18362.0\ucrt\stdio.h(1104,41): warning C4514: “vfscanf_s”: 未引用的内联函数已移除
C:\Program Files (x86)\Windows Kits\10\Include\10.0.18362.0\ucrt\stdio.h(1120,37): warning C4514: “_vscanf_l”: 未引用的内联函数已移除
C:\Program Files (x86)\Windows Kits\10\Include\10.0.18362.0\ucrt\stdio.h(1134,37): warning C4514: “vscanf”: 未引用的内联函数已移除
C:\Program Files (x86)\Windows Kits\10\Include\10.0.18362.0\ucrt\stdio.h(1147,37): warning C4514: “_vscanf_s_l”: 未引用的内联函数已移除
C:\Program Files (x86)\Windows Kits\10\Include\10.0.18362.0\ucrt\stdio.h(1163,41): warning C4514: “vscanf_s”: 未引用的内联函数已移除
C:\Program Files (x86)\Windows Kits\10\Include\10.0.18362.0\ucrt\stdio.h(1178,37): warning C4514: “_fscanf_l”: 未引用的内联函数已移除
C:\Program Files (x86)\Windows Kits\10\Include\10.0.18362.0\ucrt\stdio.h(1197,37): warning C4514: “fscanf”: 未引用的内联函数已移除
C:\Program Files (x86)\Windows Kits\10\Include\10.0.18362.0\ucrt\stdio.h(1215,37): warning C4514: “_fscanf_s_l”: 未引用的内联函数已移除
C:\Program Files (x86)\Windows Kits\10\Include\10.0.18362.0\ucrt\stdio.h(1236,41): warning C4514: “fscanf_s”: 未引用的内联函数已移除
C:\Program Files (x86)\Windows Kits\10\Include\10.0.18362.0\ucrt\stdio.h(1256,37): warning C4514: “_scanf_l”: 未引用的内联函数已移除
C:\Program Files (x86)\Windows Kits\10\Include\10.0.18362.0\ucrt\stdio.h(1274,37): warning C4514: “scanf”: 未引用的内联函数已移除
C:\Program Files (x86)\Windows Kits\10\Include\10.0.18362.0\ucrt\stdio.h(1291,37): warning C4514: “_scanf_s_l”: 未引用的内联函数已移除
C:\Program Files (x86)\Windows Kits\10\Include\10.0.18362.0\ucrt\stdio.h(1311,41): warning C4514: “scanf_s”: 未引用的内联函数已移除
C:\Program Files (x86)\Windows Kits\10\Include\10.0.18362.0\ucrt\stdio.h(1469,37): warning C4514: “vsprintf”: 未引用的内联函数已移除
C:\Program Files (x86)\Windows Kits\10\Include\10.0.18362.0\ucrt\stdio.h(1510,41): warning C4514: “vsprintf_s”: 未引用的内联函数已移除
C:\Program Files (x86)\Windows Kits\10\Include\10.0.18362.0\ucrt\stdio.h(1557,37): warning C4514: “_vsprintf_p”: 未引用的内联函数已移除
C:\Program Files (x86)\Windows Kits\10\Include\10.0.18362.0\ucrt\stdio.h(1595,37): warning C4514: “_vsnprintf_s”: 未引用的内联函数已移除
C:\Program Files (x86)\Windows Kits\10\Include\10.0.18362.0\ucrt\stdio.h(1623,41): warning C4514: “vsnprintf_s”: 未引用的内联函数已移除
C:\Program Files (x86)\Windows Kits\10\Include\10.0.18362.0\ucrt\stdio.h(1668,37): warning C4514: “_vscprintf”: 未引用的内联函数已移除
C:\Program Files (x86)\Windows Kits\10\Include\10.0.18362.0\ucrt\stdio.h(1733,37): warning C4514: “_vsnprintf_c”: 未引用的内联函数已移除
C:\Program Files (x86)\Windows Kits\10\Include\10.0.18362.0\ucrt\stdio.h(1749,37): warning C4514: “_sprintf_l”: 未引用的内联函数已移除
C:\Program Files (x86)\Windows Kits\10\Include\10.0.18362.0\ucrt\stdio.h(1774,37): warning C4514: “sprintf”: 未引用的内联函数已移除
C:\Program Files (x86)\Windows Kits\10\Include\10.0.18362.0\ucrt\stdio.h(1810,37): warning C4514: “_sprintf_s_l”: 未引用的内联函数已移除
C:\Program Files (x86)\Windows Kits\10\Include\10.0.18362.0\ucrt\stdio.h(1833,41): warning C4710: “int sprintf_s(char *const ,const size_t,const char *const ,...)”: 函数未内联
C:\Program Files (x86)\Windows Kits\10\Include\10.0.18362.0\ucrt\stdio.h(1833): message : 参见“sprintf_s”的声明
C:\Program Files (x86)\Windows Kits\10\Include\10.0.18362.0\ucrt\stdio.h(1862,37): warning C4514: “_sprintf_p_l”: 未引用的内联函数已移除
C:\Program Files (x86)\Windows Kits\10\Include\10.0.18362.0\ucrt\stdio.h(1883,37): warning C4514: “_sprintf_p”: 未引用的内联函数已移除
C:\Program Files (x86)\Windows Kits\10\Include\10.0.18362.0\ucrt\stdio.h(1903,37): warning C4514: “_snprintf_l”: 未引用的内联函数已移除
C:\Program Files (x86)\Windows Kits\10\Include\10.0.18362.0\ucrt\stdio.h(1940,37): warning C4514: “snprintf”: 未引用的内联函数已移除
C:\Program Files (x86)\Windows Kits\10\Include\10.0.18362.0\ucrt\stdio.h(1961,37): warning C4514: “_snprintf”: 未引用的内联函数已移除
C:\Program Files (x86)\Windows Kits\10\Include\10.0.18362.0\ucrt\stdio.h(1991,37): warning C4514: “_snprintf_c_l”: 未引用的内联函数已移除
C:\Program Files (x86)\Windows Kits\10\Include\10.0.18362.0\ucrt\stdio.h(2012,37): warning C4514: “_snprintf_c”: 未引用的内联函数已移除
C:\Program Files (x86)\Windows Kits\10\Include\10.0.18362.0\ucrt\stdio.h(2032,37): warning C4514: “_snprintf_s_l”: 未引用的内联函数已移除
C:\Program Files (x86)\Windows Kits\10\Include\10.0.18362.0\ucrt\stdio.h(2054,37): warning C4514: “_snprintf_s”: 未引用的内联函数已移除
C:\Program Files (x86)\Windows Kits\10\Include\10.0.18362.0\ucrt\stdio.h(2082,37): warning C4514: “_scprintf_l”: 未引用的内联函数已移除
C:\Program Files (x86)\Windows Kits\10\Include\10.0.18362.0\ucrt\stdio.h(2100,37): warning C4514: “_scprintf”: 未引用的内联函数已移除
C:\Program Files (x86)\Windows Kits\10\Include\10.0.18362.0\ucrt\stdio.h(2117,37): warning C4514: “_scprintf_p_l”: 未引用的内联函数已移除
C:\Program Files (x86)\Windows Kits\10\Include\10.0.18362.0\ucrt\stdio.h(2135,37): warning C4514: “_scprintf_p”: 未引用的内联函数已移除
C:\Program Files (x86)\Windows Kits\10\Include\10.0.18362.0\ucrt\stdio.h(2183,37): warning C4514: “vsscanf”: 未引用的内联函数已移除
C:\Program Files (x86)\Windows Kits\10\Include\10.0.18362.0\ucrt\stdio.h(2244,37): warning C4514: “_sscanf_l”: 未引用的内联函数已移除
C:\Program Files (x86)\Windows Kits\10\Include\10.0.18362.0\ucrt\stdio.h(2263,37): warning C4514: “sscanf”: 未引用的内联函数已移除
C:\Program Files (x86)\Windows Kits\10\Include\10.0.18362.0\ucrt\stdio.h(2281,37): warning C4514: “_sscanf_s_l”: 未引用的内联函数已移除
C:\Program Files (x86)\Windows Kits\10\Include\10.0.18362.0\ucrt\stdio.h(2302,41): warning C4514: “sscanf_s”: 未引用的内联函数已移除
C:\Program Files (x86)\Windows Kits\10\Include\10.0.18362.0\ucrt\stdio.h(2330,37): warning C4514: “_snscanf_l”: 未引用的内联函数已移除
C:\Program Files (x86)\Windows Kits\10\Include\10.0.18362.0\ucrt\stdio.h(2354,37): warning C4514: “_snscanf”: 未引用的内联函数已移除
C:\Program Files (x86)\Windows Kits\10\Include\10.0.18362.0\ucrt\stdio.h(2378,37): warning C4514: “_snscanf_s_l”: 未引用的内联函数已移除
C:\Program Files (x86)\Windows Kits\10\Include\10.0.18362.0\ucrt\stdio.h(2402,37): warning C4514: “_snscanf_s”: 未引用的内联函数已移除
C:\Program Files (x86)\Windows Kits\10\Include\10.0.18362.0\ucrt\corecrt_memcpy_s.h(35,44): warning C4514: “memcpy_s”: 未引用的内联函数已移除
C:\Program Files (x86)\Windows Kits\10\Include\10.0.18362.0\ucrt\corecrt_memcpy_s.h(64,44): warning C4514: “memmove_s”: 未引用的内联函数已移除
C:\Program Files (x86)\Windows Kits\10\Include\10.0.18362.0\ucrt\corecrt_memory.h(100,28): warning C4514: “memchr”: 未引用的内联函数已移除
C:\Program Files (x86)\Windows Kits\10\Include\10.0.18362.0\ucrt\corecrt_wstring.h(166,38): warning C4514: “wcsnlen_s”: 未引用的内联函数已移除
C:\Program Files (x86)\Windows Kits\10\Include\10.0.18362.0\ucrt\corecrt_wstring.h(247,40): warning C4514: “_wcstok”: 未引用的内联函数已移除
C:\Program Files (x86)\Windows Kits\10\Include\10.0.18362.0\ucrt\corecrt_wstring.h(261,35): warning C4514: “wcstok”: 未引用的内联函数已移除
C:\Program Files (x86)\Windows Kits\10\Include\10.0.18362.0\ucrt\corecrt_wstring.h(539,31): warning C4514: “wcschr”: 未引用的内联函数已移除
C:\Program Files (x86)\Windows Kits\10\Include\10.0.18362.0\ucrt\corecrt_wstring.h(545,31): warning C4514: “wcspbrk”: 未引用的内联函数已移除
C:\Program Files (x86)\Windows Kits\10\Include\10.0.18362.0\ucrt\corecrt_wstring.h(551,31): warning C4514: “wcsrchr”: 未引用的内联函数已移除
C:\Program Files (x86)\Windows Kits\10\Include\10.0.18362.0\ucrt\corecrt_wstring.h(558,31): warning C4514: “wcsstr”: 未引用的内联函数已移除
C:\Program Files (x86)\Windows Kits\10\Include\10.0.18362.0\ucrt\string.h(371,38): warning C4514: “strnlen_s”: 未引用的内联函数已移除
C:\Program Files (x86)\Windows Kits\10\Include\10.0.18362.0\ucrt\string.h(504,28): warning C4514: “strchr”: 未引用的内联函数已移除
C:\Program Files (x86)\Windows Kits\10\Include\10.0.18362.0\ucrt\string.h(510,28): warning C4514: “strpbrk”: 未引用的内联函数已移除
C:\Program Files (x86)\Windows Kits\10\Include\10.0.18362.0\ucrt\string.h(516,28): warning C4514: “strrchr”: 未引用的内联函数已移除
C:\Program Files (x86)\Windows Kits\10\Include\10.0.18362.0\ucrt\string.h(522,28): warning C4514: “strstr”: 未引用的内联函数已移除
C:\Program Files (x86)\Windows Kits\10\Include\10.0.18362.0\ucrt\corecrt_wconio.h(100,37): warning C4514: “_vcwprintf”: 未引用的内联函数已移除
C:\Program Files (x86)\Windows Kits\10\Include\10.0.18362.0\ucrt\corecrt_wconio.h(127,37): warning C4514: “_vcwprintf_s”: 未引用的内联函数已移除
C:\Program Files (x86)\Windows Kits\10\Include\10.0.18362.0\ucrt\corecrt_wconio.h(154,37): warning C4514: “_vcwprintf_p”: 未引用的内联函数已移除
C:\Program Files (x86)\Windows Kits\10\Include\10.0.18362.0\ucrt\corecrt_wconio.h(167,37): warning C4514: “_cwprintf_l”: 未引用的内联函数已移除
C:\Program Files (x86)\Windows Kits\10\Include\10.0.18362.0\ucrt\corecrt_wconio.h(185,37): warning C4514: “_cwprintf”: 未引用的内联函数已移除
C:\Program Files (x86)\Windows Kits\10\Include\10.0.18362.0\ucrt\corecrt_wconio.h(202,37): warning C4514: “_cwprintf_s_l”: 未引用的内联函数已移除
C:\Program Files (x86)\Windows Kits\10\Include\10.0.18362.0\ucrt\corecrt_wconio.h(220,37): warning C4514: “_cwprintf_s”: 未引用的内联函数已移除
C:\Program Files (x86)\Windows Kits\10\Include\10.0.18362.0\ucrt\corecrt_wconio.h(237,37): warning C4514: “_cwprintf_p_l”: 未引用的内联函数已移除
C:\Program Files (x86)\Windows Kits\10\Include\10.0.18362.0\ucrt\corecrt_wconio.h(255,37): warning C4514: “_cwprintf_p”: 未引用的内联函数已移除
C:\Program Files (x86)\Windows Kits\10\Include\10.0.18362.0\ucrt\corecrt_wconio.h(303,37): warning C4514: “_vcwscanf”: 未引用的内联函数已移除
C:\Program Files (x86)\Windows Kits\10\Include\10.0.18362.0\ucrt\corecrt_wconio.h(335,37): warning C4514: “_vcwscanf_s”: 未引用的内联函数已移除
C:\Program Files (x86)\Windows Kits\10\Include\10.0.18362.0\ucrt\corecrt_wconio.h(348,37): warning C4514: “_cwscanf_l”: 未引用的内联函数已移除
C:\Program Files (x86)\Windows Kits\10\Include\10.0.18362.0\ucrt\corecrt_wconio.h(371,37): warning C4514: “_cwscanf”: 未引用的内联函数已移除
C:\Program Files (x86)\Windows Kits\10\Include\10.0.18362.0\ucrt\corecrt_wconio.h(393,37): warning C4514: “_cwscanf_s_l”: 未引用的内联函数已移除
C:\Program Files (x86)\Windows Kits\10\Include\10.0.18362.0\ucrt\corecrt_wconio.h(411,37): warning C4514: “_cwscanf_s”: 未引用的内联函数已移除
C:\Program Files (x86)\Windows Kits\10\Include\10.0.18362.0\ucrt\corecrt_wio.h(225,26): warning C4514: “_wopen”: 未引用的内联函数已移除
C:\Program Files (x86)\Windows Kits\10\Include\10.0.18362.0\ucrt\corecrt_wio.h(238,26): warning C4514: “_wsopen”: 未引用的内联函数已移除
C:\Program Files (x86)\Windows Kits\10\Include\10.0.18362.0\ucrt\corecrt_wtime.h(185,45): warning C4514: “_wctime”: 未引用的内联函数已移除
C:\Program Files (x86)\Windows Kits\10\Include\10.0.18362.0\ucrt\corecrt_wtime.h(192,43): warning C4514: “_wctime_s”: 未引用的内联函数已移除
C:\Program Files (x86)\Windows Kits\10\Include\10.0.18362.0\ucrt\sys\stat.h(234,39): warning C4514: “fstat”: 未引用的内联函数已移除
C:\Program Files (x86)\Windows Kits\10\Include\10.0.18362.0\ucrt\sys\stat.h(239,39): warning C4514: “stat”: 未引用的内联函数已移除
C:\Program Files (x86)\Windows Kits\10\Include\10.0.18362.0\ucrt\wchar.h(180,28): warning C4514: “fwide”: 未引用的内联函数已移除
C:\Program Files (x86)\Windows Kits\10\Include\10.0.18362.0\ucrt\wchar.h(189,28): warning C4514: “mbsinit”: 未引用的内联函数已移除
C:\Program Files (x86)\Windows Kits\10\Include\10.0.18362.0\ucrt\wchar.h(209,28): warning C4514: “wmemcmp”: 未引用的内联函数已移除
C:\Program Files (x86)\Windows Kits\10\Include\10.0.18362.0\ucrt\wchar.h(238,24): warning C4514: “wmemmove”: 未引用的内联函数已移除
C:\Program Files (x86)\Windows Kits\10\Include\10.0.18362.0\ucrt\wchar.h(268,48): warning C4514: “wmemchr”: 未引用的内联函数已移除
C:\Program Files (x86)\Windows Kits\10\Include\10.0.18362.0\ucrt\time.h(476,41): warning C4514: “ctime”: 未引用的内联函数已移除
C:\Program Files (x86)\Windows Kits\10\Include\10.0.18362.0\ucrt\time.h(487,42): warning C4514: “difftime”: 未引用的内联函数已移除
C:\Program Files (x86)\Windows Kits\10\Include\10.0.18362.0\ucrt\time.h(496,46): warning C4514: “gmtime”: 未引用的内联函数已移除
C:\Program Files (x86)\Windows Kits\10\Include\10.0.18362.0\ucrt\time.h(506,46): warning C4514: “localtime”: 未引用的内联函数已移除
C:\Program Files (x86)\Windows Kits\10\Include\10.0.18362.0\ucrt\time.h(517,42): warning C4514: “_mkgmtime”: 未引用的内联函数已移除
C:\Program Files (x86)\Windows Kits\10\Include\10.0.18362.0\ucrt\time.h(525,42): warning C4514: “mktime”: 未引用的内联函数已移除
C:\Program Files (x86)\Windows Kits\10\Include\10.0.18362.0\ucrt\time.h(532,42): warning C4514: “time”: 未引用的内联函数已移除
C:\Program Files (x86)\Windows Kits\10\Include\10.0.18362.0\ucrt\time.h(540,39): warning C4514: “timespec_get”: 未引用的内联函数已移除
C:\Program Files (x86)\Windows Kits\10\Include\10.0.18362.0\ucrt\time.h(550,47): warning C4514: “ctime_s”: 未引用的内联函数已移除
C:\Program Files (x86)\Windows Kits\10\Include\10.0.18362.0\ucrt\time.h(560,47): warning C4514: “gmtime_s”: 未引用的内联函数已移除
C:\Program Files (x86)\Windows Kits\10\Include\10.0.18362.0\ucrt\time.h(569,47): warning C4514: “localtime_s”: 未引用的内联函数已移除
C:\Program Files (x86)\Windows Kits\10\Include\10.0.18362.0\ucrt\ctype.h(81,24): warning C4514: “__acrt_locale_get_ctype_array_value”: 未引用的内联函数已移除
C:\Program Files (x86)\Windows Kits\10\Include\10.0.18362.0\ucrt\ctype.h(165,37): warning C4514: “__ascii_iswalpha”: 未引用的内联函数已移除
C:\Program Files (x86)\Windows Kits\10\Include\10.0.18362.0\ucrt\ctype.h(170,37): warning C4514: “__ascii_iswdigit”: 未引用的内联函数已移除
C:\Program Files (x86)\Windows Kits\10\Include\10.0.18362.0\ucrt\ctype.h(175,37): warning C4514: “__ascii_towlower”: 未引用的内联函数已移除
C:\Program Files (x86)\Windows Kits\10\Include\10.0.18362.0\ucrt\ctype.h(180,37): warning C4514: “__ascii_towupper”: 未引用的内联函数已移除
C:\Program Files (x86)\Windows Kits\10\Include\10.0.18362.0\ucrt\ctype.h(234,28): warning C4514: “_ischartype_l”: 未引用的内联函数已移除
D:\CS203B\Project\code\blas\Strassen.cpp(109): warning C5045: 如果指定了 /Qspectre 开关，编译器会插入内存负载的 Spectre 缓解
  D:\CS203B\Project\code\blas\Strassen.cpp(108) : 注意: 在此行上通过对比检查索引 "j" 范围
  D:\CS203B\Project\code\blas\Strassen.cpp(109) : 注意: 此行上的源调用
D:\CS203B\Project\code\blas\Strassen.cpp(137): warning C5045: 如果指定了 /Qspectre 开关，编译器会插入内存负载的 Spectre 缓解
  D:\CS203B\Project\code\blas\Strassen.cpp(135) : 注意: 在此行上通过对比检查索引 "nCount" 范围
  D:\CS203B\Project\code\blas\Strassen.cpp(137) : 注意: 此行上的源调用
  blas.vcxproj -> D:\CS203B\Project\code\blas\x64\Debug\blas.exe

项目性能摘要:
     2841 毫秒 D:\CS203B\Project\code\blas\blas.vcxproj   1 次调用
               2841 毫秒 Build                                      1 次调用

目标性能摘要:
        0 毫秒 _ResourceCompile                           1 次调用
        0 毫秒 SetLinkLibMKLEnvironment                   1 次调用
        0 毫秒 PreLinkEvent                               1 次调用
        0 毫秒 PrepareResourceNames                       1 次调用
        0 毫秒 CreateCustomManifestResourceNames          1 次调用
        0 毫秒 ComputeManifestInputsTargets               1 次调用
        0 毫秒 ComputeCLGeneratedLinkInputs               1 次调用
        0 毫秒 ComputeManifestGeneratedLinkerInputs       1 次调用
        0 毫秒 ComputeRCGeneratedLinkInputs               1 次调用
        0 毫秒 ComputeRCOutputs                           1 次调用
        0 毫秒 BeforeLink                                 1 次调用
        0 毫秒 ComputeLinkImportLibraryOutputsForClean    1 次调用
        0 毫秒 ComputeLegacyManifestEmbedding             1 次调用
        0 毫秒 BuildCompile                               1 次调用
        0 毫秒 _BuildCompileAction                        1 次调用
        0 毫秒 AfterBuildCompileEvent                     1 次调用
        0 毫秒 AfterResourceCompile                       1 次调用
        0 毫秒 MakeDirsForResourceCompile                 1 次调用
        0 毫秒 BeforeResourceCompile                      1 次调用
        0 毫秒 _ClCompile                                 1 次调用
        0 毫秒 AfterClCompile                             1 次调用
        0 毫秒 CheckIntelEnvironmentForVCLibsMKL          1 次调用
        0 毫秒 VcpkgCheckManifestRoot                     1 次调用
        0 毫秒 BuildLinkTraverse                          1 次调用
        0 毫秒 AfterLink                                  1 次调用
        0 毫秒 _Link                                      1 次调用
        0 毫秒 _ALink                                     1 次调用
        0 毫秒 AfterBuild                                 1 次调用
        0 毫秒 BuildLink                                  1 次调用
        0 毫秒 _BuildLinkAction                           1 次调用
        0 毫秒 PostBuildEvent                             1 次调用
        0 毫秒 PrepareForRun                              1 次调用
        0 毫秒 _CheckForCompileOutputs                    1 次调用
        0 毫秒 _CopySourceItemsToOutputDirectory          1 次调用
        0 毫秒 _GetCopyToOutputDirectoryItemsFromThisProject   1 次调用
        0 毫秒 _GetCopyToOutputDirectoryItemsFromTransitiveProjectReferences   1 次调用
        0 毫秒 GetCopyToOutputDirectoryXamlAppDefs        1 次调用
        0 毫秒 _PopulateCommonStateForGetCopyToOutputDirectoryItems   1 次调用
        0 毫秒 _Deploy                                    1 次调用
        0 毫秒 _Appverifier                               1 次调用
        0 毫秒 CreateSatelliteAssemblies                  1 次调用
        0 毫秒 MakeDirsForFxc                             1 次调用
        0 毫秒 _BscMake                                   1 次调用
        0 毫秒 MakeDirsForBscMake                         1 次调用
        0 毫秒 ComputeCLCompileGeneratedSbrFiles          1 次调用
        0 毫秒 _XdcMake                                   1 次调用
        0 毫秒 MakeDirsForXdcMake                         1 次调用
        0 毫秒 ResolvedXDCMake                            1 次调用
        0 毫秒 RegisterOutput                             1 次调用
        0 毫秒 _Manifest                                  1 次调用
        0 毫秒 VcpkgTripletSelection                      1 次调用
        0 毫秒 CheckInstalledVCLibsMKL                    1 次调用
        0 毫秒 Build                                      1 次调用
        0 毫秒 CheckInstalledVCLibsIPP                    1 次调用
        0 毫秒 CopyFileToFolders                          1 次调用
        0 毫秒 SelectCustomBuild                          1 次调用
        0 毫秒 _SelectedFiles                             1 次调用
        0 毫秒 PreBuildEvent                              1 次调用
        0 毫秒 BuildGenerateSourcesTraverse               1 次调用
        0 毫秒 ResolveReferences                          1 次调用
        0 毫秒 AfterResolveReferences                     1 次调用
        0 毫秒 ExpandSDKReferences                        1 次调用
        0 毫秒 ResolveSDKReferences                       1 次调用
        0 毫秒 SetCABuildNativeEnvironmentVariables       1 次调用
        0 毫秒 GetResolvedWinMD                           1 次调用
        0 毫秒 GetReferenceAssemblyPaths                  1 次调用
        0 毫秒 GetFrameworkPaths                          1 次调用
        0 毫秒 PrepareProjectReferences                   1 次调用
        0 毫秒 _SplitProjectReferencesByFileExistence     1 次调用
        0 毫秒 BeforeResolveReferences                    1 次调用
        0 毫秒 _PrepareForBuild                           1 次调用
        0 毫秒 _Xsd                                       1 次调用
        0 毫秒 ComputeMIDLGeneratedCompileInputs          1 次调用
        0 毫秒 BeforeBuildGenerateSources                 1 次调用
        0 毫秒 BeforeClCompile                            1 次调用
        0 毫秒 _BuildGenerateSourcesAction                1 次调用
        0 毫秒 AfterBuildGenerateSourcesEvent             1 次调用
        0 毫秒 AfterBuildGenerateSources                  1 次调用
        0 毫秒 BuildCompileTraverse                       1 次调用
        0 毫秒 ComputeCLInputPDBName                      1 次调用
        0 毫秒 FindReferenceAssembliesForReferences       1 次调用
        0 毫秒 SelectClCompile                            1 次调用
        0 毫秒 BuildGenerateSources                       1 次调用
        0 毫秒 _Midl                                      1 次调用
        0 毫秒 AfterMidl                                  1 次调用
        0 毫秒 GetReferencedVCProjectsInfo                1 次调用
        1 毫秒 SetBuildDefaultEnvironmentVariables        1 次调用
        1 毫秒 _GenerateSatelliteAssemblyInputs           1 次调用
        1 毫秒 _PrepareForReferenceResolution             1 次调用
        1 毫秒 ComputeReferenceCLInput                    1 次调用
        1 毫秒 MakeDirsForLink                            1 次调用
        1 毫秒 ComputeLinkInputsFromProject               1 次调用
        1 毫秒 GetCopyToOutputDirectoryItems              1 次调用
        1 毫秒 ComputeCustomBuildOutput                   1 次调用
        1 毫秒 SatelliteDllsProjectOutputGroup            1 次调用
        1 毫秒 ComputeCLCompileGeneratedXDCFiles          1 次调用
        1 毫秒 ContentFilesProjectOutputGroup             1 次调用
        1 毫秒 DoLinkOutputFilesMatch                     1 次调用
        1 毫秒 IncrementalClean                           1 次调用
        1 毫秒 _GetProjectReferenceTargetFrameworkProperties   1 次调用
        1 毫秒 ResolveAssemblyReferences                  1 次调用
        1 毫秒 ComputeLinkSwitches                        1 次调用
        1 毫秒 FinalizeBuildStatus                        1 次调用
        1 毫秒 _CheckWindowsSDKInstalled                  1 次调用
        1 毫秒 ComputeCLOutputs                           1 次调用
        1 毫秒 BuiltProjectOutputGroup                    1 次调用
        1 毫秒 FixupCLCompileOptions                      1 次调用
        1 毫秒 MakeDirsForMidl                            1 次调用
        2 毫秒 SplitResourcesByCulture                    1 次调用
        3 毫秒 WarnCompileDuplicatedFilename              1 次调用
        3 毫秒 AssignProjectConfiguration                 1 次调用
        4 毫秒 MakeDirsForCl                              1 次调用
        4 毫秒 AssignTargetPaths                          1 次调用
        5 毫秒 CustomBuild                                1 次调用
        6 毫秒 CopyFilesToOutputDirectory                 1 次调用
        6 毫秒 SetTelemetryEnvironmentVariables           1 次调用
        9 毫秒 _CleanGetCurrentAndPriorFileWrites         1 次调用
       11 毫秒 PrepareForBuild                            1 次调用
       14 毫秒 ResolveProjectReferences                   1 次调用
       15 毫秒 CreateRecipeFile                           1 次调用
       18 毫秒 _CheckForInvalidConfigurationAndPlatform   1 次调用
       19 毫秒 InitializeBuildStatus                      1 次调用
       96 毫秒 SetVCMKLEnvironment                        1 次调用
      472 毫秒 Link                                       1 次调用
      921 毫秒 AppLocalFromInstalled                      1 次调用
     1200 毫秒 ClCompile                                  1 次调用

任务性能摘要:
        0 毫秒 ConvertToAbsolutePath                      1 次调用
        0 毫秒 RemoveDuplicates                           2 次调用
        1 毫秒 CallTarget                                 2 次调用
        1 毫秒 CreateItem                                 2 次调用
        1 毫秒 Message                                    7 次调用
        1 毫秒 MSBuild                                    1 次调用
        1 毫秒 WriteLinesToFile                           2 次调用
        1 毫秒 AssignCulture                              1 次调用
        1 毫秒 SetEnv                                     8 次调用
        2 毫秒 CheckVCToolsetVersion                      1 次调用
        2 毫秒 ReadLinesFromFile                          3 次调用
        2 毫秒 Delete                                     2 次调用
        2 毫秒 MakeDir                                   10 次调用
        3 毫秒 AssignProjectConfiguration                 1 次调用
        4 毫秒 AssignTargetPath                           7 次调用
        4 毫秒 Copy                                       1 次调用
        5 毫秒 GetOutOfDateItems                          3 次调用
        7 毫秒 FindUnderPath                              5 次调用
       15 毫秒 GenerateDesktopDeployRecipe                1 次调用
       16 毫秒 Touch                                      2 次调用
      472 毫秒 Link                                       1 次调用
     1014 毫秒 Exec                                       2 次调用
     1198 毫秒 CL                                         1 次调用
